<?xml version="1.0" encoding="UTF-8"?>
<!-- Generated by org.testng.reporters.JUnitReportReporter -->
<testsuite skipped="0" hostname="TXCDTL87VS0322" name="com.testcases.LoginTestHRM" tests="2" failures="0" timestamp="29 Sep 2019 22:57:19 GMT" time="16.106" errors="0">
  <testcase name="TC002_LogoutTest" time="5.429" classname="com.testcases.LoginTestHRM"/>
  <testcase name="TC001_LogintoHRM" time="10.677" classname="com.testcases.LoginTestHRM"/>
</testsuite> <!-- com.testcases.LoginTestHRM -->
