<?xml version="1.0" encoding="UTF-8"?>
<!-- Generated by org.testng.reporters.JUnitReportReporter -->
<testsuite skipped="0" hostname="TXCDTL87VS0322" name="com.testcases.TrainingMenuValidation" tests="1" failures="0" timestamp="29 Sep 2019 22:26:48 GMT" time="19.269" errors="0">
  <testcase name="TC003_FetchTrainingtabSubmenu" time="19.269" classname="com.testcases.TrainingMenuValidation"/>
</testsuite> <!-- com.testcases.TrainingMenuValidation -->
